Library/Bee/Android/Prj/IL2CPP/Gradle/launcher/build/intermediates/manifest_merge_blame_file/release/manifest-merger-blame-release-report.txt
1<?xml version="1.0" encoding="utf-8"?>
2<manifest xmlns:android="http://schemas.android.com/apk/res/android"
3    package="com.DefaultCompany.NextStep"
4    android:installLocation="preferExternal"
5    android:versionCode="1"
6    android:versionName="1.0" >
7
8    <uses-sdk
9        android:minSdkVersion="23"
9-->src\main\AndroidManifest.xml
10        android:targetSdkVersion="32" />
10-->src\main\AndroidManifest.xml
11
12    <supports-screens
12-->src\main\AndroidManifest.xml:4:3-163
13        android:anyDensity="true"
13-->src\main\AndroidManifest.xml:4:135-160
14        android:largeScreens="true"
14-->src\main\AndroidManifest.xml:4:78-105
15        android:normalScreens="true"
15-->src\main\AndroidManifest.xml:4:49-77
16        android:smallScreens="true"
16-->src\main\AndroidManifest.xml:4:21-48
17        android:xlargeScreens="true" />
17-->src\main\AndroidManifest.xml:4:106-134
18
19    <uses-permission android:name="android.permission.INTERNET" />
19-->[:unityLibrary] AndroidManifest.xml:9:5-67
19-->[:unityLibrary] AndroidManifest.xml:9:22-64
20    <uses-permission android:name="android.permission.ACCESS_NETWORK_STATE" />
20-->[:unityLibrary] AndroidManifest.xml:10:5-79
20-->[:unityLibrary] AndroidManifest.xml:10:22-76
21    <uses-permission android:name="android.permission.ACTIVITY_RECOGNITION" />
21-->[:unityLibrary] AndroidManifest.xml:11:5-79
21-->[:unityLibrary] AndroidManifest.xml:11:22-76
22
23    <uses-feature android:glEsVersion="0x00030000" />
23-->[:unityLibrary] AndroidManifest.xml:13:5-54
23-->[:unityLibrary] AndroidManifest.xml:13:19-51
24    <uses-feature
24-->[:unityLibrary] AndroidManifest.xml:14:5-16:36
25        android:name="android.hardware.vulkan.version"
25-->[:unityLibrary] AndroidManifest.xml:15:9-55
26        android:required="false" />
26-->[:unityLibrary] AndroidManifest.xml:16:9-33
27    <uses-feature
27-->[:unityLibrary] AndroidManifest.xml:17:5-19:36
28        android:name="android.hardware.touchscreen"
28-->[:unityLibrary] AndroidManifest.xml:18:9-52
29        android:required="false" />
29-->[:unityLibrary] AndroidManifest.xml:19:9-33
30    <uses-feature
30-->[:unityLibrary] AndroidManifest.xml:20:5-22:36
31        android:name="android.hardware.touchscreen.multitouch"
31-->[:unityLibrary] AndroidManifest.xml:21:9-63
32        android:required="false" />
32-->[:unityLibrary] AndroidManifest.xml:22:9-33
33    <uses-feature
33-->[:unityLibrary] AndroidManifest.xml:23:5-25:36
34        android:name="android.hardware.touchscreen.multitouch.distinct"
34-->[:unityLibrary] AndroidManifest.xml:24:9-72
35        android:required="false" />
35-->[:unityLibrary] AndroidManifest.xml:25:9-33
36
37    <application
37-->src\main\AndroidManifest.xml:3:3-83
38        android:appComponentFactory="androidx.core.app.CoreComponentFactory"
38-->[androidx.core:core:1.2.0] AndroidManifest.xml:24:18-86
39        android:extractNativeLibs="true"
39-->[:unityLibrary] AndroidManifest.xml:28:9-41
40        android:icon="@mipmap/app_icon"
40-->src\main\AndroidManifest.xml:3:49-80
41        android:label="@string/app_name"
41-->src\main\AndroidManifest.xml:3:16-48
42        android:theme="@style/UnityThemeSelector" >
42-->[:unityLibrary] AndroidManifest.xml:31:9-50
43        <meta-data
43-->[:unityLibrary] AndroidManifest.xml:32:9-34:33
44            android:name="unity.splash-mode"
44-->[:unityLibrary] AndroidManifest.xml:33:13-45
45            android:value="0" />
45-->[:unityLibrary] AndroidManifest.xml:34:13-30
46        <meta-data
46-->[:unityLibrary] AndroidManifest.xml:35:9-37:36
47            android:name="unity.splash-enable"
47-->[:unityLibrary] AndroidManifest.xml:36:13-47
48            android:value="True" />
48-->[:unityLibrary] AndroidManifest.xml:37:13-33
49        <meta-data
49-->[:unityLibrary] AndroidManifest.xml:38:9-40:36
50            android:name="unity.launch-fullscreen"
50-->[:unityLibrary] AndroidManifest.xml:39:13-51
51            android:value="True" />
51-->[:unityLibrary] AndroidManifest.xml:40:13-33
52        <meta-data
52-->[:unityLibrary] AndroidManifest.xml:41:9-43:36
53            android:name="unity.render-outside-safearea"
53-->[:unityLibrary] AndroidManifest.xml:42:13-57
54            android:value="True" />
54-->[:unityLibrary] AndroidManifest.xml:43:13-33
55        <meta-data
55-->[:unityLibrary] AndroidManifest.xml:44:9-46:50
56            android:name="notch.config"
56-->[:unityLibrary] AndroidManifest.xml:45:13-40
57            android:value="portrait|landscape" />
57-->[:unityLibrary] AndroidManifest.xml:46:13-47
58        <meta-data
58-->[:unityLibrary] AndroidManifest.xml:47:9-49:36
59            android:name="unity.auto-report-fully-drawn"
59-->[:unityLibrary] AndroidManifest.xml:48:13-57
60            android:value="true" />
60-->[:unityLibrary] AndroidManifest.xml:49:13-33
61
62        <activity
62-->[:unityLibrary] AndroidManifest.xml:51:9-69:20
63            android:name="com.unity3d.player.UnityPlayerActivity"
63-->[:unityLibrary] AndroidManifest.xml:52:13-66
64            android:configChanges="mcc|mnc|locale|touchscreen|keyboard|keyboardHidden|navigation|orientation|screenLayout|uiMode|screenSize|smallestScreenSize|fontScale|layoutDirection|density"
64-->[:unityLibrary] AndroidManifest.xml:53:13-194
65            android:exported="true"
65-->[:unityLibrary] AndroidManifest.xml:54:13-36
66            android:hardwareAccelerated="false"
66-->[:unityLibrary] AndroidManifest.xml:55:13-48
67            android:label="@string/app_name"
67-->[:unityLibrary] AndroidManifest.xml:56:13-45
68            android:launchMode="singleTask"
68-->[:unityLibrary] AndroidManifest.xml:57:13-44
69            android:resizeableActivity="false"
69-->[:unityLibrary] AndroidManifest.xml:58:13-47
70            android:screenOrientation="fullUser" >
70-->[:unityLibrary] AndroidManifest.xml:59:13-49
71            <intent-filter>
71-->[:unityLibrary] AndroidManifest.xml:60:13-64:29
72                <category android:name="android.intent.category.LAUNCHER" />
72-->[:unityLibrary] AndroidManifest.xml:61:17-77
72-->[:unityLibrary] AndroidManifest.xml:61:27-74
73
74                <action android:name="android.intent.action.MAIN" />
74-->[:unityLibrary] AndroidManifest.xml:63:17-69
74-->[:unityLibrary] AndroidManifest.xml:63:25-66
75            </intent-filter>
76
77            <meta-data
77-->[:unityLibrary] AndroidManifest.xml:66:13-68:40
78                android:name="notch_support"
78-->[:unityLibrary] AndroidManifest.xml:67:17-45
79                android:value="true" />
79-->[:unityLibrary] AndroidManifest.xml:68:17-37
80        </activity>
81        <activity
81-->[:unityLibrary] AndroidManifest.xml:70:9-74:75
82            android:name="com.google.android.gms.auth.api.signin.internal.SignInHubActivity"
82-->[:unityLibrary] AndroidManifest.xml:71:13-93
83            android:excludeFromRecents="true"
83-->[:unityLibrary] AndroidManifest.xml:72:13-46
84            android:exported="false"
84-->[:unityLibrary] AndroidManifest.xml:73:13-37
85            android:theme="@android:style/Theme.Translucent.NoTitleBar" />
85-->[:unityLibrary] AndroidManifest.xml:74:13-72
86        <!--
87            Service handling Google Sign-In user revocation. For apps that do not integrate with
88            Google Sign-In, this service will never be started.
89        -->
90        <service
90-->[com.google.android.gms:play-services-auth:20.7.0] AndroidManifest.xml:33:9-37:51
91            android:name="com.google.android.gms.auth.api.signin.RevocationBoundService"
91-->[com.google.android.gms:play-services-auth:20.7.0] AndroidManifest.xml:34:13-89
92            android:exported="true"
92-->[com.google.android.gms:play-services-auth:20.7.0] AndroidManifest.xml:35:13-36
93            android:permission="com.google.android.gms.auth.api.signin.permission.REVOCATION_NOTIFICATION"
93-->[com.google.android.gms:play-services-auth:20.7.0] AndroidManifest.xml:36:13-107
94            android:visibleToInstantApps="true" />
94-->[com.google.android.gms:play-services-auth:20.7.0] AndroidManifest.xml:37:13-48
95
96        <meta-data
96-->[com.google.android.gms:play-services-fitness:21.1.0] AndroidManifest.xml:23:9-25:38
97            android:name="com.google.gms.fitness.sdk.version"
97-->[com.google.android.gms:play-services-fitness:21.1.0] AndroidManifest.xml:24:13-62
98            android:value="21.1.0" />
98-->[com.google.android.gms:play-services-fitness:21.1.0] AndroidManifest.xml:25:13-35
99
100        <activity
100-->[com.google.android.gms:play-services-base:18.0.1] AndroidManifest.xml:20:9-22:45
101            android:name="com.google.android.gms.common.api.GoogleApiActivity"
101-->[com.google.android.gms:play-services-base:18.0.1] AndroidManifest.xml:20:19-85
102            android:exported="false"
102-->[com.google.android.gms:play-services-base:18.0.1] AndroidManifest.xml:22:19-43
103            android:theme="@android:style/Theme.Translucent.NoTitleBar" />
103-->[com.google.android.gms:play-services-base:18.0.1] AndroidManifest.xml:21:19-78
104
105        <meta-data
105-->[com.google.android.gms:play-services-basement:18.2.0] AndroidManifest.xml:21:9-23:69
106            android:name="com.google.android.gms.version"
106-->[com.google.android.gms:play-services-basement:18.2.0] AndroidManifest.xml:22:13-58
107            android:value="@integer/google_play_services_version" />
107-->[com.google.android.gms:play-services-basement:18.2.0] AndroidManifest.xml:23:13-66
108    </application>
109
110</manifest>